error[E0277]: the trait bound `std::option::Option<()>: DemuxEnumBase` is not satisfied
  --> tests/compile-fail-stable/surface_demuxenum_wrongenum.rs:17:28
   |
17 |         ]) -> demux_enum::<Option<()>>();
   |                            ^^^^^^ the trait `DemuxEnumBase` is not implemented for `std::option::Option<()>`
   |
   = note: use `#[derive(dfir_rs::DemuxEnum)]`
   = help: the trait `DemuxEnumBase` is implemented for `Shape`
note: required by a bound in `check_impl_demux_enum`
  --> tests/compile-fail-stable/surface_demuxenum_wrongenum.rs:17:28
   |
17 |         ]) -> demux_enum::<Option<()>>();
   |                            ^^^^^^ required by this bound in `check_impl_demux_enum`

error[E0599]: no variant named `Circle` found for enum `std::option::Option<()>`
  --> tests/compile-fail-stable/surface_demuxenum_wrongenum.rs:19:18
   |
19 |         my_demux[Circle] -> for_each(std::mem::drop);
   |                  ^^^^^^ variant not found in `std::option::Option<()>`

error[E0599]: no variant named `Rectangle` found for enum `std::option::Option<()>`
  --> tests/compile-fail-stable/surface_demuxenum_wrongenum.rs:18:18
   |
18 |         my_demux[Rectangle] -> for_each(std::mem::drop);
   |                  ^^^^^^^^^ variant not found in `std::option::Option<()>`

error[E0599]: no variant named `Square` found for enum `std::option::Option<()>`
  --> tests/compile-fail-stable/surface_demuxenum_wrongenum.rs:20:18
   |
20 |         my_demux[Square] -> for_each(std::mem::drop);
   |                  ^^^^^^ variant not found in `std::option::Option<()>`
